Arguments: 
  C:\Program Files\nodejs\node.exe C:\Users\vamor\AppData\Roaming\npm\node_modules\yarn\bin\yarn.js install

PATH: 
  C:\Users\vamor\bin;C:\Program Files\Git\mingw64\bin;C:\Program Files\Git\usr\local\bin;C:\Program Files\Git\usr\bin;C:\Program Files\Git\usr\bin;C:\Program Files\Git\mingw64\bin;C:\Program Files\Git\usr\bin;C:\Users\vamor\bin;C:\Program Files (x86)\Common Files\Oracle\Java\javapath;D:\DevSuiteHome_2\jdk\jre\bin\classic;D:\DevSuiteHome_2\jdk\jre\bin;D:\DevSuiteHome_2\jdk\jre\bin\client;D:\DevSuiteHome_2\jlib;D:\DevSuiteHome_2\bin;D:\DevSuiteHome_2\jre\1.4.2\bin\client;D:\DevSuiteHome_2\jre\1.4.2\bin;%ProgramFiles(x86)\Common Files\Oracle\Java\javapath;%ProgramFiles(x86)\Intel\Intel(R) Management Engine Components\iCLS;C:\Program Files (x86)\Intel\Intel(R) Management Engine Components\iCLS;C:\Windows\system32;C:\Windows\System32\Wbem;C:\Windows\System32\WindowsPowerShell\v1.0;%ProgramFiles(x86)\Intel\Intel(R) Management Engine Components\DAL;C:\Program Files (x86)\Intel\Intel(R) Management Engine Components\DAL;%ProgramFiles(x86)\Intel\Intel(R) Management Engine Components\IPT;C:\Program Files (x86)\Intel\Intel(R) Management Engine Components\IPT;C:\Program Files (x86)\Intel\WiFi\bin;C:\Program Files (x86)\Common Files\Intel\WirelessCommon;C:\WINDOWS\system32;C:\WINDOWS;C:\WINDOWS\System32\Wbem;C:\WINDOWS\System32\WindowsPowerShell\v1.0;C:\WINDOWS\System32\OpenSSH;C:\apache-maven-3.6.3\bin;C:\Program Files\NVIDIA Corporation\NVIDIA NvDLISR;C:\WINDOWS\system32;C:\WINDOWS;C:\WINDOWS\System32\Wbem;C:\WINDOWS\System32\WindowsPowerShell\v1.0;C:\WINDOWS\System32\OpenSSH;C:\Program Files (x86)\NVIDIA Corporation\PhysX\Common;C:\Program Files\nodejs;C:\Program Files\Git\cmd;C:\Users\vamor\AppData\Local\Programs\Python\Python310\Scripts;C:\Users\vamor\AppData\Local\Programs\Python\Python310;C:\Program Files\MySQL\MySQL Shell 8.0\bin;C:\Users\vamor\AppData\Local\Microsoft\WindowsApps;D:\visualcode\Microsoft VS Code\bin;D:\IntelliJ\IntelliJ IDEA 2020.1.1\bin;C:\Program Files\liquibase;C:\Users\vamor\AppData\Roaming\npm;C:\Users\vamor\AppData\Local\Programs\Python\Python310\Scripts;C:\Users\vamor\AppData\Local\Programs\Python\Python310;C:\Program Files\Git\usr\bin\vendor_perl;C:\Program Files\Git\usr\bin\core_perl

Yarn version: 
  1.22.18

Node version: 
  17.1.0

Platform: 
  win32 x64

Trace: 
  SyntaxError: C:\Users\vamor\OneDrive\Escritorio\Bootcamp\el pololito\elpololito-front-end\package.json: Unexpected token < in JSON at position 966
      at JSON.parse (<anonymous>)
      at C:\Users\vamor\AppData\Roaming\npm\node_modules\yarn\lib\cli.js:1625:59
      at Generator.next (<anonymous>)
      at step (C:\Users\vamor\AppData\Roaming\npm\node_modules\yarn\lib\cli.js:310:30)
      at C:\Users\vamor\AppData\Roaming\npm\node_modules\yarn\lib\cli.js:321:13

npm manifest: 
  {
    "name": "elpololito-front-end",
    "version": "1.0.0",
    "main": "index.js",
    "repository": "https://github.com/davemontero/elpololito-front-end",
    "author": "oscarmouras28 <oscar.mourasp@gmail.com>",
    "license": "MIT",
    "dependencies": {
      "bootstrap": "^5.1.3",
      "popper": "^1.0.1",
      "react": "^17.0.2",
      "react-bootstrap": "^2.2.2",
      "react-datepicker": "^4.7.0",
      "react-dom": "^17.0.2",
      "react-multi-carousel": "^2.8.0",
      "react-router-dom": "^6.2.2",
      "react-scripts": "^5.0.0",
      "react-toastify": "^8.2.0",
      "sweetalert": "^2.1.2"
    },
    "scripts": {
      "start": "react-scripts start",
      "test": "react-scripts test",
      "build": "react-scripts build",
      "ejec": "react-scripts ejec"
    },
    "browserslist": {
      "production": [
        ">0.2%",
        "not dead",
        "not op_mini all"
      ],
      "development": [
        "last 1 chrome version",
        "last 1 firefox version",
        "last 1 safari version"
      ]
  <<<<<<< HEAD
    },
    "devDependencies": {
      "react-icons": "^4.3.1"
  =======
  >>>>>>> OscarBranch
    }
  }

yarn manifest: 
  No manifest

Lockfile: 
  No lockfile
